<?xml version="1.0" encoding="UTF-8"?>
<!-- Generated by org.testng.reporters.JUnitXMLReporter -->
<testsuite hostname="BDC6-DX-3P98N62" ignored="0" name="test1" tests="1" failures="1" timestamp="16 Apr 2019 09:51:04 GMT" time="0.051" errors="0">
  <testcase name="testAssertion" time="0.016" classname="com.test.NewTest">
    <failure type="java.lang.AssertionError" message="The following asserts failed:
	expected [true] but found [false]">
      <![CDATA[java.lang.AssertionError: The following asserts failed:
expected [true] but found [false]
at com.test.NewTest.testAssertion(NewTest.java:19)
... Removed 26 stack frames]]>
    </failure>
  </testcase> <!-- testAssertion -->
</testsuite> <!-- test1 -->
